févr. 22, 2018 9:00:59 AM core.Main main
INFOS: Program booted up
févr. 22, 2018 9:01:00 AM core.Main startScript
INFOS: The trader crashed
févr. 22, 2018 9:01:00 AM core.Main startScript
INFOS: Traceback (most recent call last):
févr. 22, 2018 9:01:00 AM core.Main startScript
INFOS:   File "python\test.py", line 10, in <module>
févr. 22, 2018 9:01:00 AM core.Main startScript
INFOS:     repr(x)
févr. 22, 2018 9:01:00 AM core.Main startScript
INFOS: MemoryError: stack overflow
févr. 22, 2018 9:01:00 AM core.Main startScript
INFOS: Hello
févr. 22, 2018 9:01:01 AM core.Main startScript
INFOS: The trader crashed
févr. 22, 2018 9:01:01 AM core.Main startScript
INFOS: Traceback (most recent call last):
févr. 22, 2018 9:01:01 AM core.Main startScript
INFOS:   File "python\test.py", line 10, in <module>
févr. 22, 2018 9:01:01 AM core.Main startScript
INFOS:     repr(x)
févr. 22, 2018 9:01:01 AM core.Main startScript
INFOS: MemoryError: stack overflow
févr. 22, 2018 9:01:01 AM core.Main startScript
INFOS: Hello
févr. 22, 2018 9:01:01 AM core.Main startScript
INFOS: Hello
févr. 22, 2018 9:01:01 AM core.Main startScript
INFOS: The trader crashed
févr. 22, 2018 9:01:01 AM core.Main startScript
INFOS: Traceback (most recent call last):
févr. 22, 2018 9:01:01 AM core.Main startScript
INFOS:   File "python\test.py", line 10, in <module>
févr. 22, 2018 9:01:01 AM core.Main startScript
INFOS:     repr(x)
févr. 22, 2018 9:01:01 AM core.Main startScript
INFOS: MemoryError: stack overflow
févr. 22, 2018 9:01:02 AM core.Main startScript
INFOS: Hello
févr. 22, 2018 9:01:02 AM core.Main startScript
INFOS: Hello
févr. 22, 2018 9:01:02 AM core.Main startScript
INFOS: Hello
févr. 22, 2018 9:01:02 AM core.Main startScript
INFOS: Hello
févr. 22, 2018 9:01:02 AM core.Main startScript
INFOS: Hello
févr. 22, 2018 9:01:02 AM core.Main startScript
INFOS: Hello
févr. 22, 2018 9:01:02 AM core.Main startScript
INFOS: The trader crashed
févr. 22, 2018 9:01:02 AM core.Main startScript
INFOS: Traceback (most recent call last):
févr. 22, 2018 9:01:02 AM core.Main startScript
INFOS:   File "python\test.py", line 10, in <module>
févr. 22, 2018 9:01:02 AM core.Main startScript
INFOS:     repr(x)
févr. 22, 2018 9:01:02 AM core.Main startScript
INFOS: MemoryError: stack overflow
