2018-02-22 09:06:43 INFOS core.Main main Program booted up
2018-02-22 09:06:44 INFOS core.Main startScript The trader crashed
2018-02-22 09:06:44 INFOS core.Main startScript Traceback (most recent call last):
2018-02-22 09:06:44 INFOS core.Main startScript   File "python\test.py", line 10, in <module>
2018-02-22 09:06:44 INFOS core.Main startScript     repr(x)
2018-02-22 09:06:44 INFOS core.Main startScript MemoryError: stack overflow
2018-02-22 09:06:45 INFOS core.Main startScript The trader crashed
2018-02-22 09:06:45 INFOS core.Main startScript Traceback (most recent call last):
2018-02-22 09:06:45 INFOS core.Main startScript   File "python\test.py", line 10, in <module>
2018-02-22 09:06:45 INFOS core.Main startScript     repr(x)
2018-02-22 09:06:45 INFOS core.Main startScript MemoryError: stack overflow
2018-02-22 09:06:45 INFOS core.Main startScript Hello
2018-02-22 09:06:45 INFOS core.Main startScript Hello
2018-02-22 09:06:46 INFOS core.Main startScript The trader crashed
2018-02-22 09:06:46 INFOS core.Main startScript Traceback (most recent call last):
2018-02-22 09:06:46 INFOS core.Main startScript   File "python\test.py", line 10, in <module>
2018-02-22 09:06:46 INFOS core.Main startScript     repr(x)
2018-02-22 09:06:46 INFOS core.Main startScript MemoryError: stack overflow
2018-02-22 09:06:46 INFOS core.Main startScript Hello
2018-02-22 09:06:46 INFOS core.Main startScript Hello
2018-02-22 09:06:46 INFOS core.Main startScript Hello
2018-02-22 09:06:46 INFOS core.Main startScript The trader crashed
2018-02-22 09:06:46 INFOS core.Main startScript Traceback (most recent call last):
2018-02-22 09:06:46 INFOS core.Main startScript   File "python\test.py", line 10, in <module>
2018-02-22 09:06:46 INFOS core.Main startScript     repr(x)
2018-02-22 09:06:46 INFOS core.Main startScript MemoryError: stack overflow
