2018-02-23 13:41:58 INFOS manager.Main main Program booted up
2018-02-23 13:41:59 INFOS manager.Main$1 processLine Hello
2018-02-23 13:41:59 INFOS manager.Main$1 processLine Hello
2018-02-23 13:41:59 INFOS manager.Main$1 processLine Hello
2018-02-23 13:41:59 INFOS manager.Main$1 processLine Hello
2018-02-23 13:41:59 INFOS manager.Main$1 processLine Traceback (most recent call last):
2018-02-23 13:41:59 INFOS manager.Main$1 processLine   File "C:\Users\Guitoune\Desktop\test.py", line 10, in <module>
2018-02-23 13:41:59 INFOS manager.Main$1 processLine     repr(x)
2018-02-23 13:41:59 INFOS manager.Main$1 processLine MemoryError: stack overflow
2018-02-23 13:41:59 INFOS manager.Main startScript Script closed or crashed. Error : 1
2018-02-23 13:41:59 INFOS manager.Main$1 processLine Hello
2018-02-23 13:41:59 INFOS manager.Main$1 processLine Traceback (most recent call last):
2018-02-23 13:41:59 INFOS manager.Main$1 processLine   File "C:\Users\Guitoune\Desktop\test.py", line 10, in <module>
2018-02-23 13:41:59 INFOS manager.Main$1 processLine     repr(x)
2018-02-23 13:41:59 INFOS manager.Main$1 processLine MemoryError: stack overflow
2018-02-23 13:42:00 INFOS manager.Main startScript Script closed or crashed. Error : 1
2018-02-23 13:42:00 INFOS manager.Main$1 processLine Traceback (most recent call last):
2018-02-23 13:42:00 INFOS manager.Main$1 processLine   File "C:\Users\Guitoune\Desktop\test.py", line 10, in <module>
2018-02-23 13:42:00 INFOS manager.Main$1 processLine     repr(x)
2018-02-23 13:42:00 INFOS manager.Main$1 processLine MemoryError: stack overflow
2018-02-23 13:42:00 INFOS manager.Main startScript Script closed or crashed. Error : 1
2018-02-23 13:42:01 INFOS manager.Main$1 processLine Traceback (most recent call last):
2018-02-23 13:42:01 INFOS manager.Main$1 processLine   File "C:\Users\Guitoune\Desktop\test.py", line 10, in <module>
2018-02-23 13:42:01 INFOS manager.Main$1 processLine     repr(x)
2018-02-23 13:42:01 INFOS manager.Main$1 processLine MemoryError: stack overflow
2018-02-23 13:42:01 INFOS manager.Main startScript Script closed or crashed. Error : 1
